<?xml version="1.0" encoding="UTF-8"?>
<!-- Generated by org.testng.reporters.JUnitReportReporter -->
<testsuite skipped="0" hostname="LAPTOP-7MBHNJ7J" name="webDriverMaven.LoginTest" tests="1" failures="0" timestamp="2020-06-16T16:48:47 IST" time="3.581" errors="0">
  <testcase name="doLogin" time="3.581" classname="webDriverMaven.LoginTest"/>
  <system-out/>
</testsuite> <!-- webDriverMaven.LoginTest -->
